<?xml version="1.0" encoding="UTF-8"?>
<!-- Generated by org.testng.reporters.JUnitXMLReporter -->
<testsuite ignored="0" hostname="DESKTOP-RLT2N6F" failures="0" tests="4" name="Test" time="108.224" errors="0" timestamp="2022-11-07T22:01:18 EST">
  <testcase classname="IntergateDataProWExcel.DataProvider_CreateLead" name="dataProvider" time="14.399"/>
  <testcase classname="IntergateDataProWExcel.DataProvider_CreateLead" name="dataProvider" time="11.3"/>
  <testcase classname="IntergateDataProWExcel.DataProvider_CreateLead" name="dataProvider" time="11.445"/>
  <testcase classname="IntergateDataProWExcel.DataProvider_CreateLead" name="dataProvider" time="10.69"/>
</testsuite> <!-- Test -->
