<?xml version="1.0" encoding="UTF-8"?>
<testng-results ignored="0" total="1" passed="1" failed="0" skipped="0">
  <reporter-output>
  </reporter-output>
  <suite started-at="2022-11-16T22:19:14 EST" name="Default suite" finished-at="2022-11-16T22:19:36 EST" duration-ms="21250">
    <groups>
    </groups>
    <test started-at="2022-11-16T22:19:14 EST" name="Default test" finished-at="2022-11-16T22:19:36 EST" duration-ms="21250">
      <class name="Learn_Selenium_Interface.CreateLead">
        <test-method signature="createLead()[pri:0, instance:Learn_Selenium_Interface.CreateLead@306cf3ea]" started-at="2022-11-16T22:19:15 EST" name="createLead" finished-at="2022-11-16T22:19:36 EST" duration-ms="21195" status="PASS">
          <reporter-output>
          </reporter-output>
        </test-method> <!-- createLead -->
      </class> <!-- Learn_Selenium_Interface.CreateLead -->
    </test> <!-- Default test -->
  </suite> <!-- Default suite -->
</testng-results>
